<?xml version="1.0" encoding="UTF-8"?>
<!-- Generated by org.testng.reporters.JUnitReportReporter -->
<testsuite skipped="1" hostname="HIBACL101452" name="com.bacancyTechnology.refinedDataApp.testcases.CRUDOperationTest" tests="1" failures="0" timestamp="17 Jun 2021 19:47:41 GMT" time="0.000" errors="0">
  <testcase name="createAnEnvironmentalReport" time="0.000" classname="com.bacancyTechnology.refinedDataApp.testcases.CRUDOperationTest">
    <skipped/>
  </testcase> <!-- createAnEnvironmentalReport -->
</testsuite> <!-- com.bacancyTechnology.refinedDataApp.testcases.CRUDOperationTest -->
